#
# There is insufficient memory for the Java Runtime Environment to continue.
# Native memory allocation (malloc) failed to allocate 1048576 bytes for AllocateHeap
# Possible reasons:
#   The system is out of physical RAM or swap space
#   In 32 bit mode, the process size limit was hit
# Possible solutions:
#   Reduce memory load on the system
#   Increase physical memory or swap space
#   Check if swap backing store is full
#   Use 64 bit Java on a 64 bit OS
#   Decrease Java heap size (-Xmx/-Xms)
#   Decrease number of Java threads
#   Decrease Java thread stack sizes (-Xss)
#   Set larger code cache with -XX:ReservedCodeCacheSize=
# This output file may be truncated or incomplete.
#
#  Out of Memory Error (memory/allocation.inline.hpp:61), pid=23076, tid=0x0000000000005e14
#
# JRE version:  (8.0) (build )
# Java VM: OpenJDK 64-Bit Server VM (25.71-b00 mixed mode windows-amd64 compressed oops)
# Failed to write core dump. Minidumps are not enabled by default on client versions of Windows
#

---------------  T H R E A D  ---------------

Current thread (0x00000000022c2800):  JavaThread "Unknown thread" [_thread_in_vm, id=24084, stack(0x00000000021c0000,0x00000000022c0000)]

Stack: [0x00000000021c0000,0x00000000022c0000]
[error occurred during error reporting (printing stack bounds), id 0xc0000005]

Native frames: (J=compiled Java code, j=interpreted, Vv=VM code, C=native code)


---------------  P R O C E S S  ---------------

Java Threads: ( => current thread )

Other Threads:

=>0x00000000022c2800 (exited) JavaThread "Unknown thread" [_thread_in_vm, id=24084, stack(0x00000000021c0000,0x00000000022c0000)]

VM state:not at safepoint (normal execution)

VM Mutex/Monitor currently owned by a thread: None

Heap:
 PSYoungGen      total 73728K, used 1269K [0x000000076e000000, 0x0000000773200000, 0x00000007c0000000)
  eden space 63488K, 2% used [0x000000076e000000,0x000000076e13d718,0x0000000771e00000)
  from space 10240K, 0% used [0x0000000772800000,0x0000000772800000,0x0000000773200000)
  to   space 10240K, 0% used [0x0000000771e00000,0x0000000771e00000,0x0000000772800000)
 ParOldGen       total 167936K, used 0K [0x00000006ca000000, 0x00000006d4400000, 0x000000076e000000)
  object space 167936K, 0% used [0x00000006ca000000,0x00000006ca000000,0x00000006d4400000)
 Metaspace       used 777K, capacity 4480K, committed 4480K, reserved 1056768K
  class space    used 74K, capacity 384K, committed 384K, reserved 1048576K

Card table byte_map: [0x0000000011780000,0x0000000011f40000] byte_map_base: 0x000000000e130000

Marking Bits: (ParMarkBitMap*) 0x000000005dfcbe50
 Begin Bits: [0x0000000012e60000, 0x0000000016be0000)
 End Bits:   [0x0000000016be0000, 0x000000001a960000)

Polling page: 0x0000000000870000

CodeCache: size=245760Kb used=327Kb max_used=327Kb free=245432Kb
 bounds [0x00000000023c0000, 0x0000000002630000, 0x00000000113c0000]
 total_blobs=56 nmethods=0 adapters=38
 compilation: enabled

Compilation events (0 events):
No events

GC Heap History (0 events):
No events

Deoptimization events (0 events):
No events

Classes redefined (0 events):
No events

Internal exceptions (0 events):
No events

Events (10 events):
Event: 0.014 loading class java/lang/Short
Event: 0.014 loading class java/lang/Short done
Event: 0.014 loading class java/lang/Integer
Event: 0.014 loading class java/lang/Integer done
Event: 0.014 loading class java/lang/Long
Event: 0.014 loading class java/lang/Long done
Event: 0.014 loading class java/lang/NullPointerException
Event: 0.014 loading class java/lang/NullPointerException done
Event: 0.014 loading class java/lang/ArithmeticException
Event: 0.014 loading class java/lang/ArithmeticException done


Dynamic libraries:
0x00007ff765c00000 - 0x00007ff765c35000 	D:\Soft\Unity Hub\Version\2021.3.21f1\Editor\Data\PlaybackEngines\AndroidPlayer\OpenJDK\bin\java.exe
0x00007ff8f9a50000 - 0x00007ff8f9c67000 	C:\WINDOWS\SYSTEM32\ntdll.dll
0x00007ff8f8970000 - 0x00007ff8f8a34000 	C:\WINDOWS\System32\KERNEL32.DLL
0x00007ff8f70d0000 - 0x00007ff8f7476000 	C:\WINDOWS\System32\KERNELBASE.dll
0x00007ff8f9960000 - 0x00007ff8f9a10000 	C:\WINDOWS\System32\ADVAPI32.dll
0x00007ff8f9380000 - 0x00007ff8f9427000 	C:\WINDOWS\System32\msvcrt.dll
0x00007ff8f8a60000 - 0x00007ff8f8b06000 	C:\WINDOWS\System32\sechost.dll
0x00007ff8f77e0000 - 0x00007ff8f78f7000 	C:\WINDOWS\System32\RPCRT4.dll
0x00007ff8f8b10000 - 0x00007ff8f8cbd000 	C:\WINDOWS\System32\USER32.dll
0x00007ff8f70a0000 - 0x00007ff8f70c6000 	C:\WINDOWS\System32\win32u.dll
0x00007ff8f77b0000 - 0x00007ff8f77d9000 	C:\WINDOWS\System32\GDI32.dll
0x00007ff8f6dd0000 - 0x00007ff8f6ee8000 	C:\WINDOWS\System32\gdi32full.dll
0x00007ff8f7480000 - 0x00007ff8f751a000 	C:\WINDOWS\System32\msvcp_win.dll
0x00007ff8f7690000 - 0x00007ff8f77a1000 	C:\WINDOWS\System32\ucrtbase.dll
0x00007ff8e1f10000 - 0x00007ff8e21a3000 	C:\WINDOWS\WinSxS\amd64_microsoft.windows.common-controls_6595b64144ccf1df_6.0.22621.2361_none_2712ced57382f843\COMCTL32.dll
0x00007ff8f8e40000 - 0x00007ff8f8e71000 	C:\WINDOWS\System32\IMM32.DLL
0x000000005e1e0000 - 0x000000005e2b2000 	D:\Soft\Unity Hub\Version\2021.3.21f1\Editor\Data\PlaybackEngines\AndroidPlayer\OpenJDK\jre\bin\msvcr100.dll
0x000000005d800000 - 0x000000005e049000 	D:\Soft\Unity Hub\Version\2021.3.21f1\Editor\Data\PlaybackEngines\AndroidPlayer\OpenJDK\jre\bin\server\jvm.dll
0x00007ff8f8330000 - 0x00007ff8f8338000 	C:\WINDOWS\System32\PSAPI.DLL
0x00007ff8f2850000 - 0x00007ff8f2859000 	C:\WINDOWS\SYSTEM32\WSOCK32.dll
0x00007ff8f8cc0000 - 0x00007ff8f8d31000 	C:\WINDOWS\System32\WS2_32.dll
0x00007ff8f08c0000 - 0x00007ff8f08f4000 	C:\WINDOWS\SYSTEM32\WINMM.dll
0x00007ff8ef460000 - 0x00007ff8ef46a000 	C:\WINDOWS\SYSTEM32\VERSION.dll
0x00007ff8f2840000 - 0x00007ff8f284f000 	D:\Soft\Unity Hub\Version\2021.3.21f1\Editor\Data\PlaybackEngines\AndroidPlayer\OpenJDK\jre\bin\verify.dll
0x00007ff8e4530000 - 0x00007ff8e4559000 	D:\Soft\Unity Hub\Version\2021.3.21f1\Editor\Data\PlaybackEngines\AndroidPlayer\OpenJDK\jre\bin\java.dll
0x00007ff8e6db0000 - 0x00007ff8e6dc6000 	D:\Soft\Unity Hub\Version\2021.3.21f1\Editor\Data\PlaybackEngines\AndroidPlayer\OpenJDK\jre\bin\zip.dll

VM Arguments:
jvm_args: -Dfile.encoding=UTF-8 
java_command: org.gradle.launcher.GradleMain -Dorg.gradle.jvmargs=-Xmx4096m --stop
java_class_path (initial): D:\Soft\Unity Hub\Version\2021.3.21f1\Editor\Data\PlaybackEngines\AndroidPlayer\Tools\gradle\lib\gradle-launcher-6.1.1.jar
Launcher Type: SUN_STANDARD

Environment Variables:
JAVA_HOME=D:\Soft\Unity Hub\Version\2021.3.21f1\Editor\Data\PlaybackEngines\AndroidPlayer\OpenJDK
JAVA_TOOL_OPTIONS=-Dfile.encoding=UTF-8
PATH=C:\Program Files\Common Files\Oracle\Java\javapath;C:\WINDOWS\system32;C:\WINDOWS;C:\WINDOWS\System32\Wbem;C:\WINDOWS\System32\WindowsPowerShell\v1.0\;C:\WINDOWS\System32\OpenSSH\;C:\Program Files\NVIDIA Corporation\NVIDIA NvDLISR;C:\Program Files (x86)\NVIDIA Corporation\PhysX\Common;D:\Soft\Git\Git\cmd;C:\Program Files\nodejs\;C:\Program Files (x86)\Microsoft SQL Server\160\Tools\Binn\;C:\Program Files\Microsoft SQL Server\160\Tools\Binn\;C:\Program Files\Microsoft SQL Server\Client SDK\ODBC\170\Tools\Binn\;C:\Program Files\Microsoft SQL Server\160\DTS\Binn\;C:\Program Files\dotnet\;C:\Program Files\Microsoft SQL Server\150\Tools\Binn\;C:\Program Files (x86)\Microsoft SQL Server\160\DTS\Binn\;C:\Program Files\Azure Data Studio\bin;C:\Users\zloug\AppData\Local\Microsoft\WindowsApps;D:\Soft\VS Code\Microsoft VS Code\bin;C:\Users\zloug\AppData\Roaming\npm;C:\Program Files\Java\jdk-19\bin;C:\Users\zloug\.dotnet\tools;C:\Program Files\Azure Data Studio\bin
USERNAME=zloug
OS=Windows_NT
PROCESSOR_IDENTIFIER=AMD64 Family 23 Model 96 Stepping 1, AuthenticAMD



---------------  S Y S T E M  ---------------

OS: Windows 10.0 , 64 bit Build 22621 (10.0.22621.2428)

CPU:total 12 (initial active 12) (12 cores per cpu, 1 threads per core) family 23 model 96 stepping 1, cmov, cx8, fxsr, mmx, sse, sse2, sse3, ssse3, sse4.1, sse4.2, popcnt, avx, avx2, aes, clmul, mmxext, 3dnowpref, lzcnt, sse4a, tsc, tscinvbit, tscinv, bmi1

Memory: 4k page, physical 16119064k(2802912k free), swap 24311064k(5256k free)

vm_info: OpenJDK 64-Bit Server VM (25.71-b00) for windows-amd64 JRE (1.8.0-adoptopenjdk-_2018_05_19_00_59-b00), built on May 19 2018 01:02:12 by "jenkins" with MS VC++ 10.0 (VS2010)

time: Sat Nov 11 20:49:17 2023
elapsed time: 0 seconds (0d 0h 0m 0s)

