#
# There is insufficient memory for the Java Runtime Environment to continue.
# Native memory allocation (malloc) failed to allocate 1048576 bytes for AllocateHeap
# Possible reasons:
#   The system is out of physical RAM or swap space
#   In 32 bit mode, the process size limit was hit
# Possible solutions:
#   Reduce memory load on the system
#   Increase physical memory or swap space
#   Check if swap backing store is full
#   Use 64 bit Java on a 64 bit OS
#   Decrease Java heap size (-Xmx/-Xms)
#   Decrease number of Java threads
#   Decrease Java thread stack sizes (-Xss)
#   Set larger code cache with -XX:ReservedCodeCacheSize=
# This output file may be truncated or incomplete.
#
#  Out of Memory Error (memory/allocation.inline.hpp:61), pid=6160, tid=0x0000000000000f38
#
# JRE version:  (8.0) (build )
# Java VM: OpenJDK 64-Bit Server VM (25.71-b00 mixed mode windows-amd64 compressed oops)
# Failed to write core dump. Minidumps are not enabled by default on client versions of Windows
#

---------------  T H R E A D  ---------------

Current thread (0x0000000002f62800):  JavaThread "Unknown thread" [_thread_in_vm, id=3896, stack(0x0000000002e60000,0x0000000002f60000)]

Stack: [0x0000000002e60000,0x0000000002f60000]
[error occurred during error reporting (printing stack bounds), id 0xc0000005]

Native frames: (J=compiled Java code, j=interpreted, Vv=VM code, C=native code)


---------------  P R O C E S S  ---------------

Java Threads: ( => current thread )

Other Threads:

=>0x0000000002f62800 (exited) JavaThread "Unknown thread" [_thread_in_vm, id=3896, stack(0x0000000002e60000,0x0000000002f60000)]

VM state:not at safepoint (normal execution)

VM Mutex/Monitor currently owned by a thread: None

Heap:
 PSYoungGen      total 73728K, used 1269K [0x000000076e000000, 0x0000000773200000, 0x00000007c0000000)
  eden space 63488K, 2% used [0x000000076e000000,0x000000076e13d718,0x0000000771e00000)
  from space 10240K, 0% used [0x0000000772800000,0x0000000772800000,0x0000000773200000)
  to   space 10240K, 0% used [0x0000000771e00000,0x0000000771e00000,0x0000000772800000)
 ParOldGen       total 167936K, used 0K [0x00000006ca000000, 0x00000006d4400000, 0x000000076e000000)
  object space 167936K, 0% used [0x00000006ca000000,0x00000006ca000000,0x00000006d4400000)
 Metaspace       used 777K, capacity 4480K, committed 4480K, reserved 1056768K
  class space    used 74K, capacity 384K, committed 384K, reserved 1048576K

Card table byte_map: [0x0000000012420000,0x0000000012be0000] byte_map_base: 0x000000000edd0000

Marking Bits: (ParMarkBitMap*) 0x000000006f7dbe50
 Begin Bits: [0x0000000013b00000, 0x0000000017880000)
 End Bits:   [0x0000000017880000, 0x000000001b600000)

Polling page: 0x0000000001540000

CodeCache: size=245760Kb used=327Kb max_used=327Kb free=245432Kb
 bounds [0x0000000003060000, 0x00000000032d0000, 0x0000000012060000]
 total_blobs=56 nmethods=0 adapters=38
 compilation: enabled

Compilation events (0 events):
No events

GC Heap History (0 events):
No events

Deoptimization events (0 events):
No events

Classes redefined (0 events):
No events

Internal exceptions (0 events):
No events

Events (10 events):
Event: 0.013 loading class java/lang/Short
Event: 0.013 loading class java/lang/Short done
Event: 0.013 loading class java/lang/Integer
Event: 0.013 loading class java/lang/Integer done
Event: 0.013 loading class java/lang/Long
Event: 0.013 loading class java/lang/Long done
Event: 0.014 loading class java/lang/NullPointerException
Event: 0.014 loading class java/lang/NullPointerException done
Event: 0.014 loading class java/lang/ArithmeticException
Event: 0.014 loading class java/lang/ArithmeticException done


Dynamic libraries:
0x00007ff71aa50000 - 0x00007ff71aa85000 	D:\Soft\Unity Hub\Version\2021.3.21f1\Editor\Data\PlaybackEngines\AndroidPlayer\OpenJDK\bin\java.exe
0x00007ff8e6150000 - 0x00007ff8e6367000 	C:\WINDOWS\SYSTEM32\ntdll.dll
0x00007ff8e5750000 - 0x00007ff8e5814000 	C:\WINDOWS\System32\KERNEL32.DLL
0x00007ff8e3690000 - 0x00007ff8e3a36000 	C:\WINDOWS\System32\KERNELBASE.dll
0x00007ff8e5a50000 - 0x00007ff8e5b00000 	C:\WINDOWS\System32\ADVAPI32.dll
0x00007ff8e59a0000 - 0x00007ff8e5a47000 	C:\WINDOWS\System32\msvcrt.dll
0x00007ff8e4ab0000 - 0x00007ff8e4b56000 	C:\WINDOWS\System32\sechost.dll
0x00007ff8e5d80000 - 0x00007ff8e5e97000 	C:\WINDOWS\System32\RPCRT4.dll
0x00007ff8e4bd0000 - 0x00007ff8e4d7d000 	C:\WINDOWS\System32\USER32.dll
0x00007ff8e3660000 - 0x00007ff8e3686000 	C:\WINDOWS\System32\win32u.dll
0x00007ff8e5970000 - 0x00007ff8e5999000 	C:\WINDOWS\System32\GDI32.dll
0x00007ff8e3a40000 - 0x00007ff8e3b58000 	C:\WINDOWS\System32\gdi32full.dll
0x00007ff8e34d0000 - 0x00007ff8e356a000 	C:\WINDOWS\System32\msvcp_win.dll
0x00007ff8e3b60000 - 0x00007ff8e3c71000 	C:\WINDOWS\System32\ucrtbase.dll
0x00007ff8d2130000 - 0x00007ff8d23c3000 	C:\WINDOWS\WinSxS\amd64_microsoft.windows.common-controls_6595b64144ccf1df_6.0.22621.2361_none_2712ced57382f843\COMCTL32.dll
0x00007ff8e40a0000 - 0x00007ff8e40d1000 	C:\WINDOWS\System32\IMM32.DLL
0x000000006f860000 - 0x000000006f932000 	D:\Soft\Unity Hub\Version\2021.3.21f1\Editor\Data\PlaybackEngines\AndroidPlayer\OpenJDK\jre\bin\msvcr100.dll
0x000000006f010000 - 0x000000006f859000 	D:\Soft\Unity Hub\Version\2021.3.21f1\Editor\Data\PlaybackEngines\AndroidPlayer\OpenJDK\jre\bin\server\jvm.dll
0x00007ff8e5b00000 - 0x00007ff8e5b08000 	C:\WINDOWS\System32\PSAPI.DLL
0x00007ff8da5e0000 - 0x00007ff8da5ea000 	C:\WINDOWS\SYSTEM32\VERSION.dll
0x00007ff8c4620000 - 0x00007ff8c4629000 	C:\WINDOWS\SYSTEM32\WSOCK32.dll
0x00007ff8dc1e0000 - 0x00007ff8dc214000 	C:\WINDOWS\SYSTEM32\WINMM.dll
0x00007ff8e5cd0000 - 0x00007ff8e5d41000 	C:\WINDOWS\System32\WS2_32.dll
0x00007ff8dd690000 - 0x00007ff8dd69f000 	D:\Soft\Unity Hub\Version\2021.3.21f1\Editor\Data\PlaybackEngines\AndroidPlayer\OpenJDK\jre\bin\verify.dll
0x00007ff8dd010000 - 0x00007ff8dd039000 	D:\Soft\Unity Hub\Version\2021.3.21f1\Editor\Data\PlaybackEngines\AndroidPlayer\OpenJDK\jre\bin\java.dll
0x00007ff8dd540000 - 0x00007ff8dd556000 	D:\Soft\Unity Hub\Version\2021.3.21f1\Editor\Data\PlaybackEngines\AndroidPlayer\OpenJDK\jre\bin\zip.dll

VM Arguments:
jvm_args: -Dfile.encoding=UTF-8 
java_command: org.gradle.launcher.GradleMain -Dorg.gradle.jvmargs=-Xmx4096m --stop
java_class_path (initial): D:\Soft\Unity Hub\Version\2021.3.21f1\Editor\Data\PlaybackEngines\AndroidPlayer\Tools\gradle\lib\gradle-launcher-6.1.1.jar
Launcher Type: SUN_STANDARD

Environment Variables:
JAVA_HOME=D:\Soft\Unity Hub\Version\2021.3.21f1\Editor\Data\PlaybackEngines\AndroidPlayer\OpenJDK
JAVA_TOOL_OPTIONS=-Dfile.encoding=UTF-8
PATH=C:\Program Files\Common Files\Oracle\Java\javapath;C:\WINDOWS\system32;C:\WINDOWS;C:\WINDOWS\System32\Wbem;C:\WINDOWS\System32\WindowsPowerShell\v1.0\;C:\WINDOWS\System32\OpenSSH\;C:\Program Files\NVIDIA Corporation\NVIDIA NvDLISR;C:\Program Files (x86)\NVIDIA Corporation\PhysX\Common;D:\Soft\Git\Git\cmd;C:\Program Files\nodejs\;C:\Program Files (x86)\Microsoft SQL Server\160\Tools\Binn\;C:\Program Files\Microsoft SQL Server\160\Tools\Binn\;C:\Program Files\Microsoft SQL Server\Client SDK\ODBC\170\Tools\Binn\;C:\Program Files\Microsoft SQL Server\160\DTS\Binn\;C:\Program Files\dotnet\;C:\Program Files\Microsoft SQL Server\150\Tools\Binn\;C:\Program Files (x86)\Microsoft SQL Server\160\DTS\Binn\;C:\Program Files\Azure Data Studio\bin;C:\Users\zloug\AppData\Local\Microsoft\WindowsApps;D:\Soft\VS Code\Microsoft VS Code\bin;C:\Users\zloug\AppData\Roaming\npm;C:\Program Files\Java\jdk-19\bin;C:\Users\zloug\.dotnet\tools;C:\Program Files\Azure Data Studio\bin
USERNAME=zloug
OS=Windows_NT
PROCESSOR_IDENTIFIER=AMD64 Family 23 Model 96 Stepping 1, AuthenticAMD



---------------  S Y S T E M  ---------------

OS: Windows 10.0 , 64 bit Build 22621 (10.0.22621.2428)

CPU:total 12 (initial active 12) (12 cores per cpu, 1 threads per core) family 23 model 96 stepping 1, cmov, cx8, fxsr, mmx, sse, sse2, sse3, ssse3, sse4.1, sse4.2, popcnt, avx, avx2, aes, clmul, mmxext, 3dnowpref, lzcnt, sse4a, tsc, tscinvbit, tscinv, bmi1

Memory: 4k page, physical 16119064k(2729012k free), swap 24311064k(5796k free)

vm_info: OpenJDK 64-Bit Server VM (25.71-b00) for windows-amd64 JRE (1.8.0-adoptopenjdk-_2018_05_19_00_59-b00), built on May 19 2018 01:02:12 by "jenkins" with MS VC++ 10.0 (VS2010)

time: Sun Oct 29 00:06:42 2023
elapsed time: 0 seconds (0d 0h 0m 0s)

