#
# There is insufficient memory for the Java Runtime Environment to continue.
# Native memory allocation (malloc) failed to allocate 64304 bytes for Chunk::new
# Possible reasons:
#   The system is out of physical RAM or swap space
#   In 32 bit mode, the process size limit was hit
# Possible solutions:
#   Reduce memory load on the system
#   Increase physical memory or swap space
#   Check if swap backing store is full
#   Use 64 bit Java on a 64 bit OS
#   Decrease Java heap size (-Xmx/-Xms)
#   Decrease number of Java threads
#   Decrease Java thread stack sizes (-Xss)
#   Set larger code cache with -XX:ReservedCodeCacheSize=
# This output file may be truncated or incomplete.
#
#  Out of Memory Error (allocation.cpp:390), pid=30936, tid=0x0000000000004b0c
#
# JRE version: OpenJDK Runtime Environment (8.0) (build 1.8.0-adoptopenjdk-_2018_05_19_00_59-b00)
# Java VM: OpenJDK 64-Bit Server VM (25.71-b00 mixed mode windows-amd64 compressed oops)
# Failed to write core dump. Minidumps are not enabled by default on client versions of Windows
#

---------------  T H R E A D  ---------------

Current thread (0x000000001e316800):  JavaThread "C2 CompilerThread2" daemon [_thread_in_native, id=19212, stack(0x000000001fb70000,0x000000001fc70000)]

Stack: [0x000000001fb70000,0x000000001fc70000]
[error occurred during error reporting (printing stack bounds), id 0xc0000005]

Native frames: (J=compiled Java code, j=interpreted, Vv=VM code, C=native code)


Current CompileTask:
C2:    251  472   !   4       sun.misc.URLClassPath$JarLoader::getResource (85 bytes)


---------------  P R O C E S S  ---------------

Java Threads: ( => current thread )
  0x000000001e396800 JavaThread "Service Thread" daemon [_thread_blocked, id=24144, stack(0x000000001fd70000,0x000000001fe70000)]
  0x000000001e317000 JavaThread "C1 CompilerThread3" daemon [_thread_blocked, id=31656, stack(0x000000001fc70000,0x000000001fd70000)]
=>0x000000001e316800 JavaThread "C2 CompilerThread2" daemon [_thread_in_native, id=19212, stack(0x000000001fb70000,0x000000001fc70000)]
  0x000000001e313800 JavaThread "C2 CompilerThread1" daemon [_thread_blocked, id=31188, stack(0x000000001fa70000,0x000000001fb70000)]
  0x000000001cc3a000 JavaThread "C2 CompilerThread0" daemon [_thread_blocked, id=31740, stack(0x000000001f970000,0x000000001fa70000)]
  0x000000001cc39000 JavaThread "Attach Listener" daemon [_thread_blocked, id=18204, stack(0x000000001f870000,0x000000001f970000)]
  0x000000001e30f800 JavaThread "Signal Dispatcher" daemon [_thread_blocked, id=7300, stack(0x000000001f770000,0x000000001f870000)]
  0x000000001e2f3800 JavaThread "Finalizer" daemon [_thread_blocked, id=24308, stack(0x000000001f560000,0x000000001f660000)]
  0x000000001cc2a000 JavaThread "Reference Handler" daemon [_thread_blocked, id=23184, stack(0x000000001f460000,0x000000001f560000)]
  0x00000000033f5000 JavaThread "main" [_thread_in_Java, id=24436, stack(0x0000000003230000,0x0000000003330000)]

Other Threads:
  0x00000000034ec000 VMThread [stack: 0x000000001f360000,0x000000001f460000] [id=30860]
  0x000000001e39f800 WatcherThread [stack: 0x000000001fe70000,0x000000001ff70000] [id=31140]

VM state:not at safepoint (normal execution)

VM Mutex/Monitor currently owned by a thread: None

Heap:
 PSYoungGen      total 73728K, used 11428K [0x000000076e000000, 0x0000000773200000, 0x00000007c0000000)
  eden space 63488K, 18% used [0x000000076e000000,0x000000076eb290d0,0x0000000771e00000)
  from space 10240K, 0% used [0x0000000772800000,0x0000000772800000,0x0000000773200000)
  to   space 10240K, 0% used [0x0000000771e00000,0x0000000771e00000,0x0000000772800000)
 ParOldGen       total 167936K, used 0K [0x00000006ca000000, 0x00000006d4400000, 0x000000076e000000)
  object space 167936K, 0% used [0x00000006ca000000,0x00000006ca000000,0x00000006d4400000)
 Metaspace       used 7875K, capacity 8088K, committed 8320K, reserved 1060864K
  class space    used 952K, capacity 1033K, committed 1152K, reserved 1048576K

Card table byte_map: [0x00000000128b0000,0x0000000013070000] byte_map_base: 0x000000000f260000

Marking Bits: (ParMarkBitMap*) 0x000000006f7dbe50
 Begin Bits: [0x0000000013f90000, 0x0000000017d10000)
 End Bits:   [0x0000000017d10000, 0x000000001ba90000)

Polling page: 0x00000000031f0000

CodeCache: size=245760Kb used=2121Kb max_used=2121Kb free=243638Kb
 bounds [0x00000000034f0000, 0x0000000003760000, 0x00000000124f0000]
 total_blobs=806 nmethods=487 adapters=234
 compilation: enabled

Compilation events (10 events):
Event: 0.248 Thread 0x000000001e317000 nmethod 482 0x00000000036fd890 code [0x00000000036fda20, 0x00000000036fdda8]
Event: 0.248 Thread 0x000000001e317000  486       1       java.util.HashMap::afterNodeInsertion (1 bytes)
Event: 0.248 Thread 0x000000001e317000 nmethod 486 0x00000000036eea90 code [0x00000000036eebe0, 0x00000000036eecf0]
Event: 0.248 Thread 0x000000001e317000  483       3       java.util.ArrayList::ensureExplicitCapacity (26 bytes)
Event: 0.249 Thread 0x000000001e317000 nmethod 483 0x00000000036fdf10 code [0x00000000036fe080, 0x00000000036fe268]
Event: 0.249 Thread 0x000000001e317000  485       3       java.util.ArrayList::add (29 bytes)
Event: 0.249 Thread 0x000000001e317000 nmethod 485 0x00000000036fe310 code [0x00000000036fe4c0, 0x00000000036fea48]
Event: 0.249 Thread 0x000000001e317000  488       3       java.io.DataOutputStream::writeUTF (435 bytes)
Event: 0.250 Thread 0x000000001e317000 nmethod 488 0x00000000036fecd0 code [0x00000000036ff000, 0x0000000003700f08]
Event: 0.250 Thread 0x000000001e317000  484       3       sun.misc.ProxyGenerator$ConstantPool::getIndirect (67 bytes)

GC Heap History (0 events):
No events

Deoptimization events (1 events):
Event: 0.237 Thread 0x00000000033f5000 Uncommon trap: reason=unstable_if action=reinterpret pc=0x00000000036aa77c method=java.lang.String.indexOf([CII[CIII)I @ 3

Classes redefined (0 events):
No events

Internal exceptions (10 events):
Event: 0.227 Thread 0x00000000033f5000 Exception <a 'sun/nio/fs/WindowsException'> (0x000000076ea8cba8) thrown at [C:\Users\jenkins\workspace\openjdk8_build_x86-64_windows\openjdk\hotspot\src\share\vm\prims\jni.cpp, line 709]
Event: 0.227 Thread 0x00000000033f5000 Exception <a 'sun/nio/fs/WindowsException'> (0x000000076ea8d350) thrown at [C:\Users\jenkins\workspace\openjdk8_build_x86-64_windows\openjdk\hotspot\src\share\vm\prims\jni.cpp, line 709]
Event: 0.227 Thread 0x00000000033f5000 Exception <a 'sun/nio/fs/WindowsException'> (0x000000076ea8f4e8) thrown at [C:\Users\jenkins\workspace\openjdk8_build_x86-64_windows\openjdk\hotspot\src\share\vm\prims\jni.cpp, line 709]
Event: 0.227 Thread 0x00000000033f5000 Exception <a 'sun/nio/fs/WindowsException'> (0x000000076ea8fc78) thrown at [C:\Users\jenkins\workspace\openjdk8_build_x86-64_windows\openjdk\hotspot\src\share\vm\prims\jni.cpp, line 709]
Event: 0.227 Thread 0x00000000033f5000 Exception <a 'sun/nio/fs/WindowsException'> (0x000000076ea92048) thrown at [C:\Users\jenkins\workspace\openjdk8_build_x86-64_windows\openjdk\hotspot\src\share\vm\prims\jni.cpp, line 709]
Event: 0.227 Thread 0x00000000033f5000 Exception <a 'sun/nio/fs/WindowsException'> (0x000000076ea92788) thrown at [C:\Users\jenkins\workspace\openjdk8_build_x86-64_windows\openjdk\hotspot\src\share\vm\prims\jni.cpp, line 709]
Event: 0.227 Thread 0x00000000033f5000 Exception <a 'sun/nio/fs/WindowsException'> (0x000000076ea93390) thrown at [C:\Users\jenkins\workspace\openjdk8_build_x86-64_windows\openjdk\hotspot\src\share\vm\prims\jni.cpp, line 709]
Event: 0.227 Thread 0x00000000033f5000 Exception <a 'sun/nio/fs/WindowsException'> (0x000000076ea93b10) thrown at [C:\Users\jenkins\workspace\openjdk8_build_x86-64_windows\openjdk\hotspot\src\share\vm\prims\jni.cpp, line 709]
Event: 0.238 Thread 0x00000000033f5000 Exception <a 'java/lang/ClassNotFoundException': com/sun/org/glassfish/hk2/osgiresourcelocator/ServiceLoader> (0x000000076eae8538) thrown at [C:\Users\jenkins\workspace\openjdk8_build_x86-64_windows\openjdk\hotspot\src\share\vm\classfile\systemDictionary.
Event: 0.241 Thread 0x00000000033f5000 Exception <a 'java/lang/NullPointerException'> (0x000000076eb00b40) thrown at [C:\Users\jenkins\workspace\openjdk8_build_x86-64_windows\openjdk\hotspot\src\share\vm\interpreter\linkResolver.cpp, line 1287]

Events (10 events):
Event: 0.249 loading class com/sun/xml/internal/bind/v2/model/annotation/LocatableAnnotation
Event: 0.249 loading class com/sun/xml/internal/bind/v2/model/annotation/LocatableAnnotation done
Event: 0.249 loading class com/sun/xml/internal/bind/v2/model/annotation/Init
Event: 0.250 loading class com/sun/xml/internal/bind/v2/model/annotation/Init done
Event: 0.250 loading class com/sun/xml/internal/bind/v2/model/annotation/Quick
Event: 0.250 loading class com/sun/xml/internal/bind/v2/model/annotation/Quick done
Event: 0.250 loading class com/sun/xml/internal/bind/v2/model/annotation/XmlAttributeQuick
Event: 0.250 loading class javax/xml/bind/annotation/XmlAttribute
Event: 0.250 loading class javax/xml/bind/annotation/XmlAttribute done
Event: 0.250 loading class com/sun/xml/internal/bind/v2/model/annotation/XmlAttributeQuick done


Dynamic libraries:
0x00007ff71aa50000 - 0x00007ff71aa85000 	D:\Soft\Unity Hub\Version\2021.3.21f1\Editor\Data\PlaybackEngines\AndroidPlayer\OpenJDK\bin\java.exe
0x00007ff8e6150000 - 0x00007ff8e6367000 	C:\WINDOWS\SYSTEM32\ntdll.dll
0x00007ff8e5750000 - 0x00007ff8e5814000 	C:\WINDOWS\System32\KERNEL32.DLL
0x00007ff8e3690000 - 0x00007ff8e3a36000 	C:\WINDOWS\System32\KERNELBASE.dll
0x00007ff8e5a50000 - 0x00007ff8e5b00000 	C:\WINDOWS\System32\ADVAPI32.dll
0x00007ff8e59a0000 - 0x00007ff8e5a47000 	C:\WINDOWS\System32\msvcrt.dll
0x00007ff8e4ab0000 - 0x00007ff8e4b56000 	C:\WINDOWS\System32\sechost.dll
0x00007ff8e5d80000 - 0x00007ff8e5e97000 	C:\WINDOWS\System32\RPCRT4.dll
0x00007ff8e4bd0000 - 0x00007ff8e4d7d000 	C:\WINDOWS\System32\USER32.dll
0x00007ff8e3660000 - 0x00007ff8e3686000 	C:\WINDOWS\System32\win32u.dll
0x00007ff8e5970000 - 0x00007ff8e5999000 	C:\WINDOWS\System32\GDI32.dll
0x00007ff8e3a40000 - 0x00007ff8e3b58000 	C:\WINDOWS\System32\gdi32full.dll
0x00007ff8e34d0000 - 0x00007ff8e356a000 	C:\WINDOWS\System32\msvcp_win.dll
0x00007ff8e3b60000 - 0x00007ff8e3c71000 	C:\WINDOWS\System32\ucrtbase.dll
0x00007ff8d2130000 - 0x00007ff8d23c3000 	C:\WINDOWS\WinSxS\amd64_microsoft.windows.common-controls_6595b64144ccf1df_6.0.22621.2361_none_2712ced57382f843\COMCTL32.dll
0x00007ff8e40a0000 - 0x00007ff8e40d1000 	C:\WINDOWS\System32\IMM32.DLL
0x000000006f860000 - 0x000000006f932000 	D:\Soft\Unity Hub\Version\2021.3.21f1\Editor\Data\PlaybackEngines\AndroidPlayer\OpenJDK\jre\bin\msvcr100.dll
0x000000006f010000 - 0x000000006f859000 	D:\Soft\Unity Hub\Version\2021.3.21f1\Editor\Data\PlaybackEngines\AndroidPlayer\OpenJDK\jre\bin\server\jvm.dll
0x00007ff8e5b00000 - 0x00007ff8e5b08000 	C:\WINDOWS\System32\PSAPI.DLL
0x00007ff8c4620000 - 0x00007ff8c4629000 	C:\WINDOWS\SYSTEM32\WSOCK32.dll
0x00007ff8da5e0000 - 0x00007ff8da5ea000 	C:\WINDOWS\SYSTEM32\VERSION.dll
0x00007ff8e5cd0000 - 0x00007ff8e5d41000 	C:\WINDOWS\System32\WS2_32.dll
0x00007ff8dc1e0000 - 0x00007ff8dc214000 	C:\WINDOWS\SYSTEM32\WINMM.dll
0x00007ff8dd690000 - 0x00007ff8dd69f000 	D:\Soft\Unity Hub\Version\2021.3.21f1\Editor\Data\PlaybackEngines\AndroidPlayer\OpenJDK\jre\bin\verify.dll
0x00007ff8dd010000 - 0x00007ff8dd039000 	D:\Soft\Unity Hub\Version\2021.3.21f1\Editor\Data\PlaybackEngines\AndroidPlayer\OpenJDK\jre\bin\java.dll
0x00007ff8dd540000 - 0x00007ff8dd556000 	D:\Soft\Unity Hub\Version\2021.3.21f1\Editor\Data\PlaybackEngines\AndroidPlayer\OpenJDK\jre\bin\zip.dll
0x00007ff8e4d90000 - 0x00007ff8e55e8000 	C:\WINDOWS\System32\SHELL32.dll
0x00007ff8e13e0000 - 0x00007ff8e1cd2000 	C:\WINDOWS\SYSTEM32\windows.storage.dll
0x00007ff8e42a0000 - 0x00007ff8e462a000 	C:\WINDOWS\System32\combase.dll
0x00007ff8e12a0000 - 0x00007ff8e13de000 	C:\WINDOWS\SYSTEM32\wintypes.dll
0x00007ff8e6010000 - 0x00007ff8e6103000 	C:\WINDOWS\System32\SHCORE.dll
0x00007ff8e56a0000 - 0x00007ff8e56fe000 	C:\WINDOWS\System32\shlwapi.dll
0x00007ff8e3400000 - 0x00007ff8e3426000 	C:\WINDOWS\SYSTEM32\profapi.dll
0x00007ff8d5090000 - 0x00007ff8d50aa000 	D:\Soft\Unity Hub\Version\2021.3.21f1\Editor\Data\PlaybackEngines\AndroidPlayer\OpenJDK\jre\bin\net.dll
0x00007ff8e2960000 - 0x00007ff8e29c9000 	C:\WINDOWS\system32\mswsock.dll
0x00007ff8cf7f0000 - 0x00007ff8cf801000 	D:\Soft\Unity Hub\Version\2021.3.21f1\Editor\Data\PlaybackEngines\AndroidPlayer\OpenJDK\jre\bin\nio.dll

VM Arguments:
jvm_args: -Dfile.encoding=UTF-8 -Dcom.android.sdklib.toolsdir=D:\Soft\Unity Hub\Version\2021.3.21f1\Editor\Data\PlaybackEngines\AndroidPlayer\SDK\tools\bin\\.. 
java_command: com.android.sdklib.tool.sdkmanager.SdkManagerCli --list
java_class_path (initial): D:\Soft\Unity Hub\Version\2021.3.21f1\Editor\Data\PlaybackEngines\AndroidPlayer\SDK\tools\bin\..\lib\dvlib-26.0.0-dev.jar;D:\Soft\Unity Hub\Version\2021.3.21f1\Editor\Data\PlaybackEngines\AndroidPlayer\SDK\tools\bin\..\lib\jimfs-1.1.jar;D:\Soft\Unity Hub\Version\2021.3.21f1\Editor\Data\PlaybackEngines\AndroidPlayer\SDK\tools\bin\..\lib\jsr305-1.3.9.jar;D:\Soft\Unity Hub\Version\2021.3.21f1\Editor\Data\PlaybackEngines\AndroidPlayer\SDK\tools\bin\..\lib\repository-26.0.0-dev.jar;D:\Soft\Unity Hub\Version\2021.3.21f1\Editor\Data\PlaybackEngines\AndroidPlayer\SDK\tools\bin\..\lib\j2objc-annotations-1.1.jar;D:\Soft\Unity Hub\Version\2021.3.21f1\Editor\Data\PlaybackEngines\AndroidPlayer\SDK\tools\bin\..\lib\layoutlib-api-26.0.0-dev.jar;D:\Soft\Unity Hub\Version\2021.3.21f1\Editor\Data\PlaybackEngines\AndroidPlayer\SDK\tools\bin\..\lib\gson-2.3.jar;D:\Soft\Unity Hub\Version\2021.3.21f1\Editor\Data\PlaybackEngines\AndroidPlayer\SDK\tools\bin\..\lib\httpcore-4.2.5.jar;D:\Soft\Unity Hub\Version\2021.3.21f1\Editor\Data\PlaybackEngines\AndroidPlayer\SDK\tools\bin\..\lib\commons-logging-1.1.1.jar;D:\Soft\Unity Hub\Version\2021.3.21f1\Editor\Data\PlaybackEngines\AndroidPlayer\SDK\tools\bin\..\lib\commons-compress-1.12.jar;D:\Soft\Unity Hub\Version\2021.3.21f1\Editor\Data\PlaybackEngines\AndroidPlayer\SDK\tools\bin\..\lib\annotations-26.0.0-dev.jar;D:\Soft\Unity Hub\Version\2021.3.21f1\Editor\Data\PlaybackEngines\AndroidPlayer\SDK\tools\bin\..\lib\error_prone_annotations-2.0.18.jar;D:\Soft\Unity Hub\Version\2021.3.21f1\Editor\Data\PlaybackEngines\AndroidPlayer\SDK\tools\bin\..\lib\animal-sniffer-annotations-1.14.jar;D:\Soft\Unity Hub\Version\2021.3.21f1\Editor\Data\PlaybackEngines\AndroidPlayer\SDK\tools\bin\..\lib\httpclient-4.2.6.jar;D:\Soft\Unity Hub\Version\2021.3.21f1\Editor\Data\PlaybackEngines\AndroidPlayer\SDK\tools\bin\..\lib\commons-codec-1.6.jar;D:\Soft\Unity Hub\Version\2021.3.21f1\Editor\Data\PlaybackEngines\AndroidPlayer\SDK\tools\bin\..\
Launcher Type: SUN_STANDARD

Environment Variables:
JAVA_HOME=D:\Soft\Unity Hub\Version\2021.3.21f1\Editor\Data\PlaybackEngines\AndroidPlayer\OpenJDK
JAVA_TOOL_OPTIONS=-Dfile.encoding=UTF-8
PATH=C:\Program Files\Common Files\Oracle\Java\javapath;C:\WINDOWS\system32;C:\WINDOWS;C:\WINDOWS\System32\Wbem;C:\WINDOWS\System32\WindowsPowerShell\v1.0\;C:\WINDOWS\System32\OpenSSH\;C:\Program Files\NVIDIA Corporation\NVIDIA NvDLISR;C:\Program Files (x86)\NVIDIA Corporation\PhysX\Common;D:\Soft\Git\Git\cmd;C:\Program Files\nodejs\;C:\Program Files (x86)\Microsoft SQL Server\160\Tools\Binn\;C:\Program Files\Microsoft SQL Server\160\Tools\Binn\;C:\Program Files\Microsoft SQL Server\Client SDK\ODBC\170\Tools\Binn\;C:\Program Files\Microsoft SQL Server\160\DTS\Binn\;C:\Program Files\dotnet\;C:\Program Files\Microsoft SQL Server\150\Tools\Binn\;C:\Program Files (x86)\Microsoft SQL Server\160\DTS\Binn\;C:\Program Files\Azure Data Studio\bin;C:\Users\zloug\AppData\Local\Microsoft\WindowsApps;D:\Soft\VS Code\Microsoft VS Code\bin;C:\Users\zloug\AppData\Roaming\npm;C:\Program Files\Java\jdk-19\bin;C:\Users\zloug\.dotnet\tools;C:\Program Files\Azure Data Studio\bin
USERNAME=zloug
OS=Windows_NT
PROCESSOR_IDENTIFIER=AMD64 Family 23 Model 96 Stepping 1, AuthenticAMD



---------------  S Y S T E M  ---------------

OS: Windows 10.0 , 64 bit Build 22621 (10.0.22621.2428)

CPU:total 12 (initial active 12) (12 cores per cpu, 1 threads per core) family 23 model 96 stepping 1, cmov, cx8, fxsr, mmx, sse, sse2, sse3, ssse3, sse4.1, sse4.2, popcnt, avx, avx2, aes, clmul, mmxext, 3dnowpref, lzcnt, sse4a, tsc, tscinvbit, tscinv, bmi1

Memory: 4k page, physical 16119064k(2936212k free), swap 24311064k(11172k free)

vm_info: OpenJDK 64-Bit Server VM (25.71-b00) for windows-amd64 JRE (1.8.0-adoptopenjdk-_2018_05_19_00_59-b00), built on May 19 2018 01:02:12 by "jenkins" with MS VC++ 10.0 (VS2010)

time: Sun Oct 29 00:06:12 2023
elapsed time: 0 seconds (0d 0h 0m 0s)

